2024-05-16 17:59:30 [background-preinit] INFO  o.h.validator.internal.util.Version - HV000001: Hibernate Validator 8.0.0.Final
2024-05-16 17:59:31 [restartedMain] INFO  c.e.p.StartUpProductManagmentApplication - Starting StartUpProductManagmentApplication using Java 19.0.2 with PID 8856 (C:\testUnit\PropertyManagementApi\target\classes started by HP in C:\testUnit\PropertyManagementApi)
2024-05-16 17:59:31 [restartedMain] INFO  c.e.p.StartUpProductManagmentApplication - No active profile set, falling back to 1 default profile: "default"
2024-05-16 17:59:31 [restartedMain] INFO  o.s.b.d.restart.ChangeableUrls - The Class-Path manifest attribute in C:\Users\HP\.m2\repository\xalan\xalan\2.7.2\xalan-2.7.2.jar referenced one or more files that do not exist: file:/C:/Users/HP/.m2/repository/xalan/xalan/2.7.2/xercesImpl.jar,file:/C:/Users/HP/.m2/repository/xalan/xalan/2.7.2/xml-apis.jar,file:/C:/Users/HP/.m2/repository/xalan/xalan/2.7.2/serializer.jar
2024-05-16 17:59:31 [restartedMain] INFO  o.s.b.d.restart.ChangeableUrls - The Class-Path manifest attribute in C:\Users\HP\.m2\repository\xalan\serializer\2.7.2\serializer-2.7.2.jar referenced one or more files that do not exist: file:/C:/Users/HP/.m2/repository/xalan/serializer/2.7.2/xml-apis.jar
2024-05-16 17:59:31 [restartedMain] INFO  o.s.b.d.restart.ChangeableUrls - The Class-Path manifest attribute in C:\Users\HP\.m2\repository\org\apache\xmlgraphics\batik-rasterizer-ext\1.13\batik-rasterizer-ext-1.13.jar referenced one or more files that do not exist: file:/C:/Users/HP/.m2/repository/org/apache/xmlgraphics/batik-rasterizer-ext/1.13/batik-shared-resources-1.13.jar,file:/C:/Users/HP/.m2/repository/org/apache/xmlgraphics/batik-rasterizer-ext/1.13/batik-svgrasterizer-1.13.jar,file:/C:/Users/HP/.m2/repository/org/apache/xmlgraphics/batik-rasterizer-ext/1.13/batik-parser-1.13.jar,file:/C:/Users/HP/.m2/repository/org/apache/xmlgraphics/batik-rasterizer-ext/1.13/batik-xml-1.13.jar,file:/C:/Users/HP/.m2/repository/org/apache/xmlgraphics/batik-rasterizer-ext/1.13/batik-transcoder-1.13.jar,file:/C:/Users/HP/.m2/repository/org/apache/xmlgraphics/batik-rasterizer-ext/1.13/batik-svggen-1.13.jar,file:/C:/Users/HP/.m2/repository/org/apache/xmlgraphics/batik-rasterizer-ext/1.13/batik-util-1.13.jar,file:/C:/Users/HP/.m2/repository/org/apache/xmlgraphics/batik-rasterizer-ext/1.13/batik-constants-1.13.jar,file:/C:/Users/HP/.m2/repository/org/apache/xmlgraphics/batik-rasterizer-ext/1.13/batik-i18n-1.13.jar,file:/C:/Users/HP/.m2/repository/org/apache/xmlgraphics/batik-rasterizer-ext/1.13/batik-codec-1.13.jar,file:/C:/Users/HP/.m2/repository/org/apache/xmlgraphics/batik-rasterizer-ext/1.13/batik-extension-1.13.jar,file:/C:/Users/HP/.m2/repository/org/apache/xmlgraphics/batik-rasterizer-ext/1.13/batik-anim-1.13.jar,file:/C:/Users/HP/.m2/repository/org/apache/xmlgraphics/batik-rasterizer-ext/1.13/batik-awt-util-1.13.jar,file:/C:/Users/HP/.m2/repository/org/apache/xmlgraphics/batik-rasterizer-ext/1.13/xmlgraphics-commons-2.4.jar,file:/C:/Users/HP/.m2/repository/org/apache/xmlgraphics/batik-rasterizer-ext/1.13/commons-io-1.3.2.jar,file:/C:/Users/HP/.m2/repository/org/apache/xmlgraphics/batik-rasterizer-ext/1.13/commons-logging-1.2.jar,file:/C:/Users/HP/.m2/repository/org/apache/xmlgraphics/batik-rasterizer-ext/1.13/batik-bridge-1.13.jar,file:/C:/Users/HP/.m2/repository/org/apache/xmlgraphics/batik-rasterizer-ext/1.13/batik-script-1.13.jar,file:/C:/Users/HP/.m2/repository/org/apache/xmlgraphics/batik-rasterizer-ext/1.13/batik-css-1.13.jar,file:/C:/Users/HP/.m2/repository/org/apache/xmlgraphics/batik-rasterizer-ext/1.13/batik-dom-1.13.jar,file:/C:/Users/HP/.m2/repository/org/apache/xmlgraphics/batik-rasterizer-ext/1.13/xalan-2.7.2.jar,file:/C:/Users/HP/.m2/repository/org/apache/xmlgraphics/batik-rasterizer-ext/1.13/serializer-2.7.2.jar,file:/C:/Users/HP/.m2/repository/org/apache/xmlgraphics/batik-rasterizer-ext/1.13/xml-apis-1.4.01.jar,file:/C:/Users/HP/.m2/repository/org/apache/xmlgraphics/batik-rasterizer-ext/1.13/batik-ext-1.13.jar,file:/C:/Users/HP/.m2/repository/org/apache/xmlgraphics/batik-rasterizer-ext/1.13/batik-gvt-1.13.jar,file:/C:/Users/HP/.m2/repository/org/apache/xmlgraphics/batik-rasterizer-ext/1.13/batik-svg-dom-1.13.jar,file:/C:/Users/HP/.m2/repository/org/apache/xmlgraphics/batik-rasterizer-ext/1.13/xml-apis-ext-1.3.04.jar
2024-05-16 17:59:31 [restartedMain] INFO  o.s.b.d.restart.ChangeableUrls - The Class-Path manifest attribute in C:\Users\HP\.m2\repository\org\apache\xmlgraphics\batik-rasterizer\1.13\batik-rasterizer-1.13.jar referenced one or more files that do not exist: file:/C:/Users/HP/.m2/repository/org/apache/xmlgraphics/batik-rasterizer/1.13/lib/batik-shared-resources-1.13.jar,file:/C:/Users/HP/.m2/repository/org/apache/xmlgraphics/batik-rasterizer/1.13/lib/batik-svgrasterizer-1.13.jar,file:/C:/Users/HP/.m2/repository/org/apache/xmlgraphics/batik-rasterizer/1.13/lib/batik-parser-1.13.jar,file:/C:/Users/HP/.m2/repository/org/apache/xmlgraphics/batik-rasterizer/1.13/lib/batik-awt-util-1.13.jar,file:/C:/Users/HP/.m2/repository/org/apache/xmlgraphics/batik-rasterizer/1.13/lib/xmlgraphics-commons-2.4.jar,file:/C:/Users/HP/.m2/repository/org/apache/xmlgraphics/batik-rasterizer/1.13/lib/commons-io-1.3.2.jar,file:/C:/Users/HP/.m2/repository/org/apache/xmlgraphics/batik-rasterizer/1.13/lib/commons-logging-1.2.jar,file:/C:/Users/HP/.m2/repository/org/apache/xmlgraphics/batik-rasterizer/1.13/lib/batik-xml-1.13.jar,file:/C:/Users/HP/.m2/repository/org/apache/xmlgraphics/batik-rasterizer/1.13/lib/xml-apis-ext-1.3.04.jar,file:/C:/Users/HP/.m2/repository/org/apache/xmlgraphics/batik-rasterizer/1.13/lib/batik-transcoder-1.13.jar,file:/C:/Users/HP/.m2/repository/org/apache/xmlgraphics/batik-rasterizer/1.13/lib/batik-anim-1.13.jar,file:/C:/Users/HP/.m2/repository/org/apache/xmlgraphics/batik-rasterizer/1.13/lib/batik-css-1.13.jar,file:/C:/Users/HP/.m2/repository/org/apache/xmlgraphics/batik-rasterizer/1.13/lib/batik-ext-1.13.jar,file:/C:/Users/HP/.m2/repository/org/apache/xmlgraphics/batik-rasterizer/1.13/lib/batik-svg-dom-1.13.jar,file:/C:/Users/HP/.m2/repository/org/apache/xmlgraphics/batik-rasterizer/1.13/lib/batik-bridge-1.13.jar,file:/C:/Users/HP/.m2/repository/org/apache/xmlgraphics/batik-rasterizer/1.13/lib/batik-script-1.13.jar,file:/C:/Users/HP/.m2/repository/org/apache/xmlgraphics/batik-rasterizer/1.13/lib/batik-dom-1.13.jar,file:/C:/Users/HP/.m2/repository/org/apache/xmlgraphics/batik-rasterizer/1.13/lib/xalan-2.7.2.jar,file:/C:/Users/HP/.m2/repository/org/apache/xmlgraphics/batik-rasterizer/1.13/lib/serializer-2.7.2.jar,file:/C:/Users/HP/.m2/repository/org/apache/xmlgraphics/batik-rasterizer/1.13/lib/xml-apis-1.4.01.jar,file:/C:/Users/HP/.m2/repository/org/apache/xmlgraphics/batik-rasterizer/1.13/lib/batik-gvt-1.13.jar,file:/C:/Users/HP/.m2/repository/org/apache/xmlgraphics/batik-rasterizer/1.13/lib/batik-svggen-1.13.jar,file:/C:/Users/HP/.m2/repository/org/apache/xmlgraphics/batik-rasterizer/1.13/lib/batik-util-1.13.jar,file:/C:/Users/HP/.m2/repository/org/apache/xmlgraphics/batik-rasterizer/1.13/lib/batik-constants-1.13.jar,file:/C:/Users/HP/.m2/repository/org/apache/xmlgraphics/batik-rasterizer/1.13/lib/batik-i18n-1.13.jar,file:/C:/Users/HP/.m2/repository/org/apache/xmlgraphics/batik-rasterizer/1.13/lib/batik-codec-1.13.jar,file:/C:/Users/HP/.m2/repository/org/apache/xmlgraphics/batik-rasterizer/1.13/lib/fop-transcoder-allinone-2.5.jar
2024-05-16 17:59:31 [restartedMain] INFO  o.s.b.d.restart.ChangeableUrls - The Class-Path manifest attribute in C:\Users\HP\.m2\repository\org\apache\xmlgraphics\batik-slideshow\1.13\batik-slideshow-1.13.jar referenced one or more files that do not exist: file:/C:/Users/HP/.m2/repository/org/apache/xmlgraphics/batik-slideshow/1.13/lib/batik-bridge-1.13.jar,file:/C:/Users/HP/.m2/repository/org/apache/xmlgraphics/batik-slideshow/1.13/lib/batik-anim-1.13.jar,file:/C:/Users/HP/.m2/repository/org/apache/xmlgraphics/batik-slideshow/1.13/lib/batik-ext-1.13.jar,file:/C:/Users/HP/.m2/repository/org/apache/xmlgraphics/batik-slideshow/1.13/lib/batik-awt-util-1.13.jar,file:/C:/Users/HP/.m2/repository/org/apache/xmlgraphics/batik-slideshow/1.13/lib/batik-css-1.13.jar,file:/C:/Users/HP/.m2/repository/org/apache/xmlgraphics/batik-slideshow/1.13/lib/batik-dom-1.13.jar,file:/C:/Users/HP/.m2/repository/org/apache/xmlgraphics/batik-slideshow/1.13/lib/xalan-2.7.2.jar,file:/C:/Users/HP/.m2/repository/org/apache/xmlgraphics/batik-slideshow/1.13/lib/serializer-2.7.2.jar,file:/C:/Users/HP/.m2/repository/org/apache/xmlgraphics/batik-slideshow/1.13/lib/xml-apis-1.4.01.jar,file:/C:/Users/HP/.m2/repository/org/apache/xmlgraphics/batik-slideshow/1.13/lib/batik-parser-1.13.jar,file:/C:/Users/HP/.m2/repository/org/apache/xmlgraphics/batik-slideshow/1.13/lib/batik-script-1.13.jar,file:/C:/Users/HP/.m2/repository/org/apache/xmlgraphics/batik-slideshow/1.13/lib/batik-svg-dom-1.13.jar,file:/C:/Users/HP/.m2/repository/org/apache/xmlgraphics/batik-slideshow/1.13/lib/batik-util-1.13.jar,file:/C:/Users/HP/.m2/repository/org/apache/xmlgraphics/batik-slideshow/1.13/lib/batik-constants-1.13.jar,file:/C:/Users/HP/.m2/repository/org/apache/xmlgraphics/batik-slideshow/1.13/lib/batik-i18n-1.13.jar,file:/C:/Users/HP/.m2/repository/org/apache/xmlgraphics/batik-slideshow/1.13/lib/batik-xml-1.13.jar,file:/C:/Users/HP/.m2/repository/org/apache/xmlgraphics/batik-slideshow/1.13/lib/xmlgraphics-commons-2.4.jar,file:/C:/Users/HP/.m2/repository/org/apache/xmlgraphics/batik-slideshow/1.13/lib/commons-io-1.3.2.jar,file:/C:/Users/HP/.m2/repository/org/apache/xmlgraphics/batik-slideshow/1.13/lib/commons-logging-1.2.jar,file:/C:/Users/HP/.m2/repository/org/apache/xmlgraphics/batik-slideshow/1.13/lib/batik-gvt-1.13.jar,file:/C:/Users/HP/.m2/repository/org/apache/xmlgraphics/batik-slideshow/1.13/lib/batik-shared-resources-1.13.jar,file:/C:/Users/HP/.m2/repository/org/apache/xmlgraphics/batik-slideshow/1.13/lib/xml-apis-ext-1.3.04.jar
2024-05-16 17:59:31 [restartedMain] INFO  o.s.b.d.restart.ChangeableUrls - The Class-Path manifest attribute in C:\Users\HP\.m2\repository\org\apache\xmlgraphics\batik-squiggle-ext\1.13\batik-squiggle-ext-1.13.jar referenced one or more files that do not exist: file:/C:/Users/HP/.m2/repository/org/apache/xmlgraphics/batik-squiggle-ext/1.13/batik-shared-resources-1.13.jar,file:/C:/Users/HP/.m2/repository/org/apache/xmlgraphics/batik-squiggle-ext/1.13/batik-svgbrowser-1.13.jar,file:/C:/Users/HP/.m2/repository/org/apache/xmlgraphics/batik-squiggle-ext/1.13/batik-anim-1.13.jar,file:/C:/Users/HP/.m2/repository/org/apache/xmlgraphics/batik-squiggle-ext/1.13/batik-bridge-1.13.jar,file:/C:/Users/HP/.m2/repository/org/apache/xmlgraphics/batik-squiggle-ext/1.13/batik-script-1.13.jar,file:/C:/Users/HP/.m2/repository/org/apache/xmlgraphics/batik-squiggle-ext/1.13/xmlgraphics-commons-2.4.jar,file:/C:/Users/HP/.m2/repository/org/apache/xmlgraphics/batik-squiggle-ext/1.13/commons-io-1.3.2.jar,file:/C:/Users/HP/.m2/repository/org/apache/xmlgraphics/batik-squiggle-ext/1.13/commons-logging-1.2.jar,file:/C:/Users/HP/.m2/repository/org/apache/xmlgraphics/batik-squiggle-ext/1.13/batik-dom-1.13.jar,file:/C:/Users/HP/.m2/repository/org/apache/xmlgraphics/batik-squiggle-ext/1.13/xalan-2.7.2.jar,file:/C:/Users/HP/.m2/repository/org/apache/xmlgraphics/batik-squiggle-ext/1.13/serializer-2.7.2.jar,file:/C:/Users/HP/.m2/repository/org/apache/xmlgraphics/batik-squiggle-ext/1.13/xml-apis-1.4.01.jar,file:/C:/Users/HP/.m2/repository/org/apache/xmlgraphics/batik-squiggle-ext/1.13/batik-gvt-1.13.jar,file:/C:/Users/HP/.m2/repository/org/apache/xmlgraphics/batik-squiggle-ext/1.13/batik-swing-1.13.jar,file:/C:/Users/HP/.m2/repository/org/apache/xmlgraphics/batik-squiggle-ext/1.13/batik-gui-util-1.13.jar,file:/C:/Users/HP/.m2/repository/org/apache/xmlgraphics/batik-squiggle-ext/1.13/batik-transcoder-1.13.jar,file:/C:/Users/HP/.m2/repository/org/apache/xmlgraphics/batik-squiggle-ext/1.13/batik-svggen-1.13.jar,file:/C:/Users/HP/.m2/repository/org/apache/xmlgraphics/batik-squiggle-ext/1.13/batik-util-1.13.jar,file:/C:/Users/HP/.m2/repository/org/apache/xmlgraphics/batik-squiggle-ext/1.13/batik-constants-1.13.jar,file:/C:/Users/HP/.m2/repository/org/apache/xmlgraphics/batik-squiggle-ext/1.13/batik-i18n-1.13.jar,file:/C:/Users/HP/.m2/repository/org/apache/xmlgraphics/batik-squiggle-ext/1.13/batik-xml-1.13.jar,file:/C:/Users/HP/.m2/repository/org/apache/xmlgraphics/batik-squiggle-ext/1.13/xml-apis-ext-1.3.04.jar,file:/C:/Users/HP/.m2/repository/org/apache/xmlgraphics/batik-squiggle-ext/1.13/batik-extension-1.13.jar,file:/C:/Users/HP/.m2/repository/org/apache/xmlgraphics/batik-squiggle-ext/1.13/batik-awt-util-1.13.jar,file:/C:/Users/HP/.m2/repository/org/apache/xmlgraphics/batik-squiggle-ext/1.13/batik-css-1.13.jar,file:/C:/Users/HP/.m2/repository/org/apache/xmlgraphics/batik-squiggle-ext/1.13/batik-ext-1.13.jar,file:/C:/Users/HP/.m2/repository/org/apache/xmlgraphics/batik-squiggle-ext/1.13/batik-parser-1.13.jar,file:/C:/Users/HP/.m2/repository/org/apache/xmlgraphics/batik-squiggle-ext/1.13/batik-svg-dom-1.13.jar
2024-05-16 17:59:31 [restartedMain] INFO  o.s.b.d.restart.ChangeableUrls - The Class-Path manifest attribute in C:\Users\HP\.m2\repository\org\apache\xmlgraphics\batik-squiggle\1.13\batik-squiggle-1.13.jar referenced one or more files that do not exist: file:/C:/Users/HP/.m2/repository/org/apache/xmlgraphics/batik-squiggle/1.13/lib/batik-shared-resources-1.13.jar,file:/C:/Users/HP/.m2/repository/org/apache/xmlgraphics/batik-squiggle/1.13/lib/batik-svgbrowser-1.13.jar,file:/C:/Users/HP/.m2/repository/org/apache/xmlgraphics/batik-squiggle/1.13/lib/batik-anim-1.13.jar,file:/C:/Users/HP/.m2/repository/org/apache/xmlgraphics/batik-squiggle/1.13/lib/batik-awt-util-1.13.jar,file:/C:/Users/HP/.m2/repository/org/apache/xmlgraphics/batik-squiggle/1.13/lib/batik-css-1.13.jar,file:/C:/Users/HP/.m2/repository/org/apache/xmlgraphics/batik-squiggle/1.13/lib/batik-ext-1.13.jar,file:/C:/Users/HP/.m2/repository/org/apache/xmlgraphics/batik-squiggle/1.13/lib/batik-parser-1.13.jar,file:/C:/Users/HP/.m2/repository/org/apache/xmlgraphics/batik-squiggle/1.13/lib/batik-svg-dom-1.13.jar,file:/C:/Users/HP/.m2/repository/org/apache/xmlgraphics/batik-squiggle/1.13/lib/batik-bridge-1.13.jar,file:/C:/Users/HP/.m2/repository/org/apache/xmlgraphics/batik-squiggle/1.13/lib/batik-script-1.13.jar,file:/C:/Users/HP/.m2/repository/org/apache/xmlgraphics/batik-squiggle/1.13/lib/xmlgraphics-commons-2.4.jar,file:/C:/Users/HP/.m2/repository/org/apache/xmlgraphics/batik-squiggle/1.13/lib/commons-io-1.3.2.jar,file:/C:/Users/HP/.m2/repository/org/apache/xmlgraphics/batik-squiggle/1.13/lib/commons-logging-1.2.jar,file:/C:/Users/HP/.m2/repository/org/apache/xmlgraphics/batik-squiggle/1.13/lib/batik-dom-1.13.jar,file:/C:/Users/HP/.m2/repository/org/apache/xmlgraphics/batik-squiggle/1.13/lib/xalan-2.7.2.jar,file:/C:/Users/HP/.m2/repository/org/apache/xmlgraphics/batik-squiggle/1.13/lib/serializer-2.7.2.jar,file:/C:/Users/HP/.m2/repository/org/apache/xmlgraphics/batik-squiggle/1.13/lib/xml-apis-1.4.01.jar,file:/C:/Users/HP/.m2/repository/org/apache/xmlgraphics/batik-squiggle/1.13/lib/batik-gvt-1.13.jar,file:/C:/Users/HP/.m2/repository/org/apache/xmlgraphics/batik-squiggle/1.13/lib/batik-swing-1.13.jar,file:/C:/Users/HP/.m2/repository/org/apache/xmlgraphics/batik-squiggle/1.13/lib/batik-gui-util-1.13.jar,file:/C:/Users/HP/.m2/repository/org/apache/xmlgraphics/batik-squiggle/1.13/lib/batik-transcoder-1.13.jar,file:/C:/Users/HP/.m2/repository/org/apache/xmlgraphics/batik-squiggle/1.13/lib/batik-svggen-1.13.jar,file:/C:/Users/HP/.m2/repository/org/apache/xmlgraphics/batik-squiggle/1.13/lib/batik-util-1.13.jar,file:/C:/Users/HP/.m2/repository/org/apache/xmlgraphics/batik-squiggle/1.13/lib/batik-constants-1.13.jar,file:/C:/Users/HP/.m2/repository/org/apache/xmlgraphics/batik-squiggle/1.13/lib/batik-i18n-1.13.jar,file:/C:/Users/HP/.m2/repository/org/apache/xmlgraphics/batik-squiggle/1.13/lib/batik-xml-1.13.jar,file:/C:/Users/HP/.m2/repository/org/apache/xmlgraphics/batik-squiggle/1.13/lib/xml-apis-ext-1.3.04.jar
2024-05-16 17:59:31 [restartedMain] INFO  o.s.b.d.restart.ChangeableUrls - The Class-Path manifest attribute in C:\Users\HP\.m2\repository\org\apache\xmlgraphics\batik-svgpp\1.13\batik-svgpp-1.13.jar referenced one or more files that do not exist: file:/C:/Users/HP/.m2/repository/org/apache/xmlgraphics/batik-svgpp/1.13/lib/batik-shared-resources-1.13.jar,file:/C:/Users/HP/.m2/repository/org/apache/xmlgraphics/batik-svgpp/1.13/lib/batik-transcoder-1.13.jar,file:/C:/Users/HP/.m2/repository/org/apache/xmlgraphics/batik-svgpp/1.13/lib/batik-anim-1.13.jar,file:/C:/Users/HP/.m2/repository/org/apache/xmlgraphics/batik-svgpp/1.13/lib/batik-css-1.13.jar,file:/C:/Users/HP/.m2/repository/org/apache/xmlgraphics/batik-svgpp/1.13/lib/batik-ext-1.13.jar,file:/C:/Users/HP/.m2/repository/org/apache/xmlgraphics/batik-svgpp/1.13/lib/batik-parser-1.13.jar,file:/C:/Users/HP/.m2/repository/org/apache/xmlgraphics/batik-svgpp/1.13/lib/batik-svg-dom-1.13.jar,file:/C:/Users/HP/.m2/repository/org/apache/xmlgraphics/batik-svgpp/1.13/lib/batik-awt-util-1.13.jar,file:/C:/Users/HP/.m2/repository/org/apache/xmlgraphics/batik-svgpp/1.13/lib/xmlgraphics-commons-2.4.jar,file:/C:/Users/HP/.m2/repository/org/apache/xmlgraphics/batik-svgpp/1.13/lib/commons-io-1.3.2.jar,file:/C:/Users/HP/.m2/repository/org/apache/xmlgraphics/batik-svgpp/1.13/lib/commons-logging-1.2.jar,file:/C:/Users/HP/.m2/repository/org/apache/xmlgraphics/batik-svgpp/1.13/lib/batik-bridge-1.13.jar,file:/C:/Users/HP/.m2/repository/org/apache/xmlgraphics/batik-svgpp/1.13/lib/batik-script-1.13.jar,file:/C:/Users/HP/.m2/repository/org/apache/xmlgraphics/batik-svgpp/1.13/lib/batik-dom-1.13.jar,file:/C:/Users/HP/.m2/repository/org/apache/xmlgraphics/batik-svgpp/1.13/lib/xalan-2.7.2.jar,file:/C:/Users/HP/.m2/repository/org/apache/xmlgraphics/batik-svgpp/1.13/lib/serializer-2.7.2.jar,file:/C:/Users/HP/.m2/repository/org/apache/xmlgraphics/batik-svgpp/1.13/lib/xml-apis-1.4.01.jar,file:/C:/Users/HP/.m2/repository/org/apache/xmlgraphics/batik-svgpp/1.13/lib/batik-gvt-1.13.jar,file:/C:/Users/HP/.m2/repository/org/apache/xmlgraphics/batik-svgpp/1.13/lib/batik-svggen-1.13.jar,file:/C:/Users/HP/.m2/repository/org/apache/xmlgraphics/batik-svgpp/1.13/lib/batik-xml-1.13.jar,file:/C:/Users/HP/.m2/repository/org/apache/xmlgraphics/batik-svgpp/1.13/lib/xml-apis-ext-1.3.04.jar,file:/C:/Users/HP/.m2/repository/org/apache/xmlgraphics/batik-svgpp/1.13/lib/batik-util-1.13.jar,file:/C:/Users/HP/.m2/repository/org/apache/xmlgraphics/batik-svgpp/1.13/lib/batik-constants-1.13.jar,file:/C:/Users/HP/.m2/repository/org/apache/xmlgraphics/batik-svgpp/1.13/lib/batik-i18n-1.13.jar
2024-05-16 17:59:31 [restartedMain] INFO  o.s.b.d.restart.ChangeableUrls - The Class-Path manifest attribute in C:\Users\HP\.m2\repository\org\apache\xmlgraphics\batik-ttf2svg\1.13\batik-ttf2svg-1.13.jar referenced one or more files that do not exist: file:/C:/Users/HP/.m2/repository/org/apache/xmlgraphics/batik-ttf2svg/1.13/lib/batik-shared-resources-1.13.jar,file:/C:/Users/HP/.m2/repository/org/apache/xmlgraphics/batik-ttf2svg/1.13/lib/batik-svggen-1.13.jar,file:/C:/Users/HP/.m2/repository/org/apache/xmlgraphics/batik-ttf2svg/1.13/lib/batik-awt-util-1.13.jar,file:/C:/Users/HP/.m2/repository/org/apache/xmlgraphics/batik-ttf2svg/1.13/lib/xmlgraphics-commons-2.4.jar,file:/C:/Users/HP/.m2/repository/org/apache/xmlgraphics/batik-ttf2svg/1.13/lib/commons-io-1.3.2.jar,file:/C:/Users/HP/.m2/repository/org/apache/xmlgraphics/batik-ttf2svg/1.13/lib/commons-logging-1.2.jar,file:/C:/Users/HP/.m2/repository/org/apache/xmlgraphics/batik-ttf2svg/1.13/lib/batik-util-1.13.jar,file:/C:/Users/HP/.m2/repository/org/apache/xmlgraphics/batik-ttf2svg/1.13/lib/batik-constants-1.13.jar,file:/C:/Users/HP/.m2/repository/org/apache/xmlgraphics/batik-ttf2svg/1.13/lib/batik-i18n-1.13.jar
2024-05-16 17:59:31 [restartedMain] INFO  o.s.b.d.e.DevToolsPropertyDefaultsPostProcessor - Devtools property defaults active! Set 'spring.devtools.add-properties' to 'false' to disable
2024-05-16 17:59:31 [restartedMain] INFO  o.s.b.d.e.DevToolsPropertyDefaultsPostProcessor - For additional web related logging consider setting the 'logging.level.web' property to 'DEBUG'
2024-05-16 17:59:36 [restartedMain] INFO  o.s.d.r.c.RepositoryConfigurationDelegate - Bootstrapping Spring Data JPA repositories in DEFAULT mode.
2024-05-16 17:59:36 [restartedMain] INFO  o.s.d.r.c.RepositoryConfigurationDelegate - Finished Spring Data repository scanning in 299 ms. Found 31 JPA repository interfaces.
2024-05-16 17:59:38 [restartedMain] INFO  o.s.b.w.e.tomcat.TomcatWebServer - Tomcat initialized with port(s): 8080 (http)
2024-05-16 17:59:38 [restartedMain] INFO  o.a.coyote.http11.Http11NioProtocol - Initializing ProtocolHandler ["http-nio-8080"]
2024-05-16 17:59:38 [restartedMain] INFO  o.a.catalina.core.StandardService - Starting service [Tomcat]
2024-05-16 17:59:38 [restartedMain] INFO  o.a.catalina.core.StandardEngine - Starting Servlet engine: [Apache Tomcat/10.1.7]
2024-05-16 17:59:38 [restartedMain] INFO  o.a.c.c.C.[.[localhost].[/property] - Initializing Spring embedded WebApplicationContext
2024-05-16 17:59:38 [restartedMain] INFO  o.s.b.w.s.c.ServletWebServerApplicationContext - Root WebApplicationContext: initialization completed in 7507 ms
2024-05-16 17:59:38 [restartedMain] INFO  com.zaxxer.hikari.HikariDataSource - HikariPool-1 - Starting...
2024-05-16 17:59:39 [restartedMain] INFO  com.zaxxer.hikari.pool.HikariPool - HikariPool-1 - Added connection org.postgresql.jdbc.PgConnection@71ad0f81
2024-05-16 17:59:39 [restartedMain] INFO  com.zaxxer.hikari.HikariDataSource - HikariPool-1 - Start completed.
2024-05-16 17:59:40 [restartedMain] INFO  liquibase.lockservice - Successfully acquired change log lock
2024-05-16 17:59:41 [restartedMain] INFO  liquibase.changelog - Reading from public.product_management_changelog
2024-05-16 17:59:41 [restartedMain] INFO  liquibase.changelog - Change failed validation!
2024-05-16 17:59:41 [restartedMain] INFO  liquibase.lockservice - Successfully released change log lock
2024-05-16 17:59:41 [restartedMain] INFO  liquibase.command - Command execution complete
2024-05-16 17:59:41 [restartedMain] ERROR o.s.b.w.e.tomcat.TomcatStarter - Error starting Tomcat context. Exception: org.springframework.beans.factory.UnsatisfiedDependencyException. Message: Error creating bean with name 'jwtAuthenticationFilter' defined in file [C:\testUnit\PropertyManagementApi\target\classes\com\example\property\config\JwtAuthenticationFilter.class]: Unsatisfied dependency expressed through constructor parameter 1: Error creating bean with name 'applicationConfig' defined in file [C:\testUnit\PropertyManagementApi\target\classes\com\example\property\config\ApplicationConfig.class]: Unsatisfied dependency expressed through constructor parameter 0: Error creating bean with name 'userRepository' defined in com.example.property.repository.user.UserRepository defined in @EnableJpaRepositories declared on JpaRepositoriesRegistrar.EnableJpaRepositoriesConfiguration: Cannot resolve reference to bean 'jpaSharedEM_entityManagerFactory' while setting bean property 'entityManager'
2024-05-16 17:59:41 [restartedMain] INFO  o.a.catalina.core.StandardService - Stopping service [Tomcat]
2024-05-16 17:59:41 [restartedMain] WARN  o.a.c.loader.WebappClassLoaderBase - The web application [property] appears to have started a thread named [HikariPool-1 housekeeper] but has failed to stop it. This is very likely to create a memory leak. Stack trace of thread:
 java.base/jdk.internal.misc.Unsafe.park(Native Method)
 java.base/java.util.concurrent.locks.LockSupport.parkNanos(LockSupport.java:269)
 java.base/java.util.concurrent.locks.AbstractQueuedSynchronizer$ConditionObject.awaitNanos(AbstractQueuedSynchronizer.java:1674)
 java.base/java.util.concurrent.ScheduledThreadPoolExecutor$DelayedWorkQueue.take(ScheduledThreadPoolExecutor.java:1182)
 java.base/java.util.concurrent.ScheduledThreadPoolExecutor$DelayedWorkQueue.take(ScheduledThreadPoolExecutor.java:899)
 java.base/java.util.concurrent.ThreadPoolExecutor.getTask(ThreadPoolExecutor.java:1070)
 java.base/java.util.concurrent.ThreadPoolExecutor.runWorker(ThreadPoolExecutor.java:1130)
 java.base/java.util.concurrent.ThreadPoolExecutor$Worker.run(ThreadPoolExecutor.java:642)
 java.base/java.lang.Thread.run(Thread.java:1589)
2024-05-16 17:59:41 [restartedMain] WARN  o.a.c.loader.WebappClassLoaderBase - The web application [property] appears to have started a thread named [HikariPool-1 connection adder] but has failed to stop it. This is very likely to create a memory leak. Stack trace of thread:
 java.base/jdk.internal.misc.Unsafe.park(Native Method)
 java.base/java.util.concurrent.locks.LockSupport.parkNanos(LockSupport.java:269)
 java.base/java.util.concurrent.locks.AbstractQueuedSynchronizer$ConditionObject.awaitNanos(AbstractQueuedSynchronizer.java:1674)
 java.base/java.util.concurrent.LinkedBlockingQueue.poll(LinkedBlockingQueue.java:460)
 java.base/java.util.concurrent.ThreadPoolExecutor.getTask(ThreadPoolExecutor.java:1069)
 java.base/java.util.concurrent.ThreadPoolExecutor.runWorker(ThreadPoolExecutor.java:1130)
 java.base/java.util.concurrent.ThreadPoolExecutor$Worker.run(ThreadPoolExecutor.java:642)
 java.base/java.lang.Thread.run(Thread.java:1589)
2024-05-16 17:59:41 [restartedMain] WARN  o.s.b.w.s.c.AnnotationConfigServletWebServerApplicationContext - Exception encountered during context initialization - cancelling refresh attempt: org.springframework.context.ApplicationContextException: Unable to start web server
2024-05-16 17:59:41 [restartedMain] INFO  com.zaxxer.hikari.HikariDataSource - HikariPool-1 - Shutdown initiated...
2024-05-16 17:59:41 [restartedMain] INFO  com.zaxxer.hikari.HikariDataSource - HikariPool-1 - Shutdown completed.
2024-05-16 17:59:41 [restartedMain] INFO  o.s.b.a.l.ConditionEvaluationReportLogger - 

Error starting ApplicationContext. To display the condition evaluation report re-run your application with 'debug' enabled.
2024-05-16 17:59:41 [restartedMain] ERROR o.s.boot.SpringApplication - Application run failed
org.springframework.context.ApplicationContextException: Unable to start web server
	at org.springframework.boot.web.servlet.context.ServletWebServerApplicationContext.onRefresh(ServletWebServerApplicationContext.java:164)
	at org.springframework.context.support.AbstractApplicationContext.refresh(AbstractApplicationContext.java:578)
	at org.springframework.boot.web.servlet.context.ServletWebServerApplicationContext.refresh(ServletWebServerApplicationContext.java:146)
	at org.springframework.boot.SpringApplication.refresh(SpringApplication.java:732)
	at org.springframework.boot.SpringApplication.refreshContext(SpringApplication.java:434)
	at org.springframework.boot.SpringApplication.run(SpringApplication.java:310)
	at org.springframework.boot.SpringApplication.run(SpringApplication.java:1304)
	at org.springframework.boot.SpringApplication.run(SpringApplication.java:1293)
	at com.example.property.StartUpProductManagmentApplication.main(StartUpProductManagmentApplication.java:11)
	at java.base/jdk.internal.reflect.DirectMethodHandleAccessor.invoke(DirectMethodHandleAccessor.java:104)
	at java.base/java.lang.reflect.Method.invoke(Method.java:578)
	at org.springframework.boot.devtools.restart.RestartLauncher.run(RestartLauncher.java:49)
Caused by: org.springframework.boot.web.server.WebServerException: Unable to start embedded Tomcat
	at org.springframework.boot.web.embedded.tomcat.TomcatWebServer.initialize(TomcatWebServer.java:142)
	at org.springframework.boot.web.embedded.tomcat.TomcatWebServer.<init>(TomcatWebServer.java:104)
	at org.springframework.boot.web.embedded.tomcat.TomcatServletWebServerFactory.getTomcatWebServer(TomcatServletWebServerFactory.java:488)
	at org.springframework.boot.web.embedded.tomcat.TomcatServletWebServerFactory.getWebServer(TomcatServletWebServerFactory.java:210)
	at org.springframework.boot.web.servlet.context.ServletWebServerApplicationContext.createWebServer(ServletWebServerApplicationContext.java:183)
	at org.springframework.boot.web.servlet.context.ServletWebServerApplicationContext.onRefresh(ServletWebServerApplicationContext.java:161)
	... 11 common frames omitted
Caused by: org.springframework.beans.factory.UnsatisfiedDependencyException: Error creating bean with name 'jwtAuthenticationFilter' defined in file [C:\testUnit\PropertyManagementApi\target\classes\com\example\property\config\JwtAuthenticationFilter.class]: Unsatisfied dependency expressed through constructor parameter 1: Error creating bean with name 'applicationConfig' defined in file [C:\testUnit\PropertyManagementApi\target\classes\com\example\property\config\ApplicationConfig.class]: Unsatisfied dependency expressed through constructor parameter 0: Error creating bean with name 'userRepository' defined in com.example.property.repository.user.UserRepository defined in @EnableJpaRepositories declared on JpaRepositoriesRegistrar.EnableJpaRepositoriesConfiguration: Cannot resolve reference to bean 'jpaSharedEM_entityManagerFactory' while setting bean property 'entityManager'
	at org.springframework.beans.factory.support.ConstructorResolver.createArgumentArray(ConstructorResolver.java:798)
	at org.springframework.beans.factory.support.ConstructorResolver.autowireConstructor(ConstructorResolver.java:245)
	at org.springframework.beans.factory.support.AbstractAutowireCapableBeanFactory.autowireConstructor(AbstractAutowireCapableBeanFactory.java:1352)
	at org.springframework.beans.factory.support.AbstractAutowireCapableBeanFactory.createBeanInstance(AbstractAutowireCapableBeanFactory.java:1189)
	at org.springframework.beans.factory.support.AbstractAutowireCapableBeanFactory.doCreateBean(AbstractAutowireCapableBeanFactory.java:560)
	at org.springframework.beans.factory.support.AbstractAutowireCapableBeanFactory.createBean(AbstractAutowireCapableBeanFactory.java:520)
	at org.springframework.beans.factory.support.AbstractBeanFactory.lambda$doGetBean$0(AbstractBeanFactory.java:326)
	at org.springframework.beans.factory.support.DefaultSingletonBeanRegistry.getSingleton(DefaultSingletonBeanRegistry.java:234)
	at org.springframework.beans.factory.support.AbstractBeanFactory.doGetBean(AbstractBeanFactory.java:324)
	at org.springframework.beans.factory.support.AbstractBeanFactory.getBean(AbstractBeanFactory.java:205)
	at org.springframework.boot.web.servlet.ServletContextInitializerBeans.getOrderedBeansOfType(ServletContextInitializerBeans.java:210)
	at org.springframework.boot.web.servlet.ServletContextInitializerBeans.addAsRegistrationBean(ServletContextInitializerBeans.java:173)
	at org.springframework.boot.web.servlet.ServletContextInitializerBeans.addAsRegistrationBean(ServletContextInitializerBeans.java:168)
	at org.springframework.boot.web.servlet.ServletContextInitializerBeans.addAdaptableBeans(ServletContextInitializerBeans.java:153)
	at org.springframework.boot.web.servlet.ServletContextInitializerBeans.<init>(ServletContextInitializerBeans.java:86)
	at org.springframework.boot.web.servlet.context.ServletWebServerApplicationContext.getServletContextInitializerBeans(ServletWebServerApplicationContext.java:261)
	at org.springframework.boot.web.servlet.context.ServletWebServerApplicationContext.selfInitialize(ServletWebServerApplicationContext.java:235)
	at org.springframework.boot.web.embedded.tomcat.TomcatStarter.onStartup(TomcatStarter.java:52)
	at org.apache.catalina.core.StandardContext.startInternal(StandardContext.java:4875)
	at org.apache.catalina.util.LifecycleBase.start(LifecycleBase.java:183)
	at org.apache.catalina.core.ContainerBase$StartChild.call(ContainerBase.java:1332)
	at org.apache.catalina.core.ContainerBase$StartChild.call(ContainerBase.java:1322)
	at java.base/java.util.concurrent.FutureTask.run(FutureTask.java:317)
	at org.apache.tomcat.util.threads.InlineExecutorService.execute(InlineExecutorService.java:75)
	at java.base/java.util.concurrent.AbstractExecutorService.submit(AbstractExecutorService.java:145)
	at org.apache.catalina.core.ContainerBase.startInternal(ContainerBase.java:871)
	at org.apache.catalina.core.StandardHost.startInternal(StandardHost.java:846)
	at org.apache.catalina.util.LifecycleBase.start(LifecycleBase.java:183)
	at org.apache.catalina.core.ContainerBase$StartChild.call(ContainerBase.java:1332)
	at org.apache.catalina.core.ContainerBase$StartChild.call(ContainerBase.java:1322)
	at java.base/java.util.concurrent.FutureTask.run(FutureTask.java:317)
	at org.apache.tomcat.util.threads.InlineExecutorService.execute(InlineExecutorService.java:75)
	at java.base/java.util.concurrent.AbstractExecutorService.submit(AbstractExecutorService.java:145)
	at org.apache.catalina.core.ContainerBase.startInternal(ContainerBase.java:871)
	at org.apache.catalina.core.StandardEngine.startInternal(StandardEngine.java:241)
	at org.apache.catalina.util.LifecycleBase.start(LifecycleBase.java:183)
	at org.apache.catalina.core.StandardService.startInternal(StandardService.java:428)
	at org.apache.catalina.util.LifecycleBase.start(LifecycleBase.java:183)
	at org.apache.catalina.core.StandardServer.startInternal(StandardServer.java:913)
	at org.apache.catalina.util.LifecycleBase.start(LifecycleBase.java:183)
	at org.apache.catalina.startup.Tomcat.start(Tomcat.java:485)
	at org.springframework.boot.web.embedded.tomcat.TomcatWebServer.initialize(TomcatWebServer.java:123)
	... 16 common frames omitted
Caused by: org.springframework.beans.factory.UnsatisfiedDependencyException: Error creating bean with name 'applicationConfig' defined in file [C:\testUnit\PropertyManagementApi\target\classes\com\example\property\config\ApplicationConfig.class]: Unsatisfied dependency expressed through constructor parameter 0: Error creating bean with name 'userRepository' defined in com.example.property.repository.user.UserRepository defined in @EnableJpaRepositories declared on JpaRepositoriesRegistrar.EnableJpaRepositoriesConfiguration: Cannot resolve reference to bean 'jpaSharedEM_entityManagerFactory' while setting bean property 'entityManager'
	at org.springframework.beans.factory.support.ConstructorResolver.createArgumentArray(ConstructorResolver.java:798)
	at org.springframework.beans.factory.support.ConstructorResolver.autowireConstructor(ConstructorResolver.java:245)
	at org.springframework.beans.factory.support.AbstractAutowireCapableBeanFactory.autowireConstructor(AbstractAutowireCapableBeanFactory.java:1352)
	at org.springframework.beans.factory.support.AbstractAutowireCapableBeanFactory.createBeanInstance(AbstractAutowireCapableBeanFactory.java:1189)
	at org.springframework.beans.factory.support.AbstractAutowireCapableBeanFactory.doCreateBean(AbstractAutowireCapableBeanFactory.java:560)
	at org.springframework.beans.factory.support.AbstractAutowireCapableBeanFactory.createBean(AbstractAutowireCapableBeanFactory.java:520)
	at org.springframework.beans.factory.support.AbstractBeanFactory.lambda$doGetBean$0(AbstractBeanFactory.java:326)
	at org.springframework.beans.factory.support.DefaultSingletonBeanRegistry.getSingleton(DefaultSingletonBeanRegistry.java:234)
	at org.springframework.beans.factory.support.AbstractBeanFactory.doGetBean(AbstractBeanFactory.java:324)
	at org.springframework.beans.factory.support.AbstractBeanFactory.getBean(AbstractBeanFactory.java:200)
	at org.springframework.beans.factory.support.ConstructorResolver.instantiateUsingFactoryMethod(ConstructorResolver.java:415)
	at org.springframework.beans.factory.support.AbstractAutowireCapableBeanFactory.instantiateUsingFactoryMethod(AbstractAutowireCapableBeanFactory.java:1332)
	at org.springframework.beans.factory.support.AbstractAutowireCapableBeanFactory.createBeanInstance(AbstractAutowireCapableBeanFactory.java:1162)
	at org.springframework.beans.factory.support.AbstractAutowireCapableBeanFactory.doCreateBean(AbstractAutowireCapableBeanFactory.java:560)
	at org.springframework.beans.factory.support.AbstractAutowireCapableBeanFactory.createBean(AbstractAutowireCapableBeanFactory.java:520)
	at org.springframework.beans.factory.support.AbstractBeanFactory.lambda$doGetBean$0(AbstractBeanFactory.java:326)
	at org.springframework.beans.factory.support.DefaultSingletonBeanRegistry.getSingleton(DefaultSingletonBeanRegistry.java:234)
	at org.springframework.beans.factory.support.AbstractBeanFactory.doGetBean(AbstractBeanFactory.java:324)
	at org.springframework.beans.factory.support.AbstractBeanFactory.getBean(AbstractBeanFactory.java:200)
	at org.springframework.beans.factory.config.DependencyDescriptor.resolveCandidate(DependencyDescriptor.java:254)
	at org.springframework.beans.factory.support.DefaultListableBeanFactory.doResolveDependency(DefaultListableBeanFactory.java:1417)
	at org.springframework.beans.factory.support.DefaultListableBeanFactory.resolveDependency(DefaultListableBeanFactory.java:1337)
	at org.springframework.beans.factory.support.ConstructorResolver.resolveAutowiredArgument(ConstructorResolver.java:885)
	at org.springframework.beans.factory.support.ConstructorResolver.createArgumentArray(ConstructorResolver.java:789)
	... 57 common frames omitted
Caused by: org.springframework.beans.factory.BeanCreationException: Error creating bean with name 'userRepository' defined in com.example.property.repository.user.UserRepository defined in @EnableJpaRepositories declared on JpaRepositoriesRegistrar.EnableJpaRepositoriesConfiguration: Cannot resolve reference to bean 'jpaSharedEM_entityManagerFactory' while setting bean property 'entityManager'
	at org.springframework.beans.factory.support.BeanDefinitionValueResolver.resolveReference(BeanDefinitionValueResolver.java:377)
	at org.springframework.beans.factory.support.BeanDefinitionValueResolver.resolveValueIfNecessary(BeanDefinitionValueResolver.java:135)
	at org.springframework.beans.factory.support.AbstractAutowireCapableBeanFactory.applyPropertyValues(AbstractAutowireCapableBeanFactory.java:1682)
	at org.springframework.beans.factory.support.AbstractAutowireCapableBeanFactory.populateBean(AbstractAutowireCapableBeanFactory.java:1431)
	at org.springframework.beans.factory.support.AbstractAutowireCapableBeanFactory.doCreateBean(AbstractAutowireCapableBeanFactory.java:597)
	at org.springframework.beans.factory.support.AbstractAutowireCapableBeanFactory.createBean(AbstractAutowireCapableBeanFactory.java:520)
	at org.springframework.beans.factory.support.AbstractBeanFactory.lambda$doGetBean$0(AbstractBeanFactory.java:326)
	at org.springframework.beans.factory.support.DefaultSingletonBeanRegistry.getSingleton(DefaultSingletonBeanRegistry.java:234)
	at org.springframework.beans.factory.support.AbstractBeanFactory.doGetBean(AbstractBeanFactory.java:324)
	at org.springframework.beans.factory.support.AbstractBeanFactory.getBean(AbstractBeanFactory.java:200)
	at org.springframework.beans.factory.config.DependencyDescriptor.resolveCandidate(DependencyDescriptor.java:254)
	at org.springframework.beans.factory.support.DefaultListableBeanFactory.doResolveDependency(DefaultListableBeanFactory.java:1417)
	at org.springframework.beans.factory.support.DefaultListableBeanFactory.resolveDependency(DefaultListableBeanFactory.java:1337)
	at org.springframework.beans.factory.support.ConstructorResolver.resolveAutowiredArgument(ConstructorResolver.java:885)
	at org.springframework.beans.factory.support.ConstructorResolver.createArgumentArray(ConstructorResolver.java:789)
	... 80 common frames omitted
Caused by: org.springframework.beans.factory.BeanCreationException: Error creating bean with name 'jpaSharedEM_entityManagerFactory': Cannot resolve reference to bean 'entityManagerFactory' while setting constructor argument
	at org.springframework.beans.factory.support.BeanDefinitionValueResolver.resolveReference(BeanDefinitionValueResolver.java:377)
	at org.springframework.beans.factory.support.BeanDefinitionValueResolver.resolveValueIfNecessary(BeanDefinitionValueResolver.java:135)
	at org.springframework.beans.factory.support.ConstructorResolver.resolveConstructorArguments(ConstructorResolver.java:691)
	at org.springframework.beans.factory.support.ConstructorResolver.instantiateUsingFactoryMethod(ConstructorResolver.java:515)
	at org.springframework.beans.factory.support.AbstractAutowireCapableBeanFactory.instantiateUsingFactoryMethod(AbstractAutowireCapableBeanFactory.java:1332)
	at org.springframework.beans.factory.support.AbstractAutowireCapableBeanFactory.createBeanInstance(AbstractAutowireCapableBeanFactory.java:1162)
	at org.springframework.beans.factory.support.AbstractAutowireCapableBeanFactory.doCreateBean(AbstractAutowireCapableBeanFactory.java:560)
	at org.springframework.beans.factory.support.AbstractAutowireCapableBeanFactory.createBean(AbstractAutowireCapableBeanFactory.java:520)
	at org.springframework.beans.factory.support.AbstractBeanFactory.lambda$doGetBean$0(AbstractBeanFactory.java:326)
	at org.springframework.beans.factory.support.DefaultSingletonBeanRegistry.getSingleton(DefaultSingletonBeanRegistry.java:234)
	at org.springframework.beans.factory.support.AbstractBeanFactory.doGetBean(AbstractBeanFactory.java:324)
	at org.springframework.beans.factory.support.AbstractBeanFactory.getBean(AbstractBeanFactory.java:200)
	at org.springframework.beans.factory.support.BeanDefinitionValueResolver.resolveReference(BeanDefinitionValueResolver.java:365)
	... 94 common frames omitted
Caused by: org.springframework.beans.factory.BeanCreationException: Error creating bean with name 'liquibase' defined in class path resource [org/springframework/boot/autoconfigure/liquibase/LiquibaseAutoConfiguration$LiquibaseConfiguration.class]: liquibase.exception.ValidationFailedException: Validation Failed:
     5 changesets check sum
          liquibase/20.0/liquibase-20.0-ddl.yml::Create Communication::Saleh Allahverdiyev was: 8:6a024fe9472c575f900f24c34e9b019d but is now: 8:12bc30eb3e3d99eee52a7b4f86017da5
          liquibase/21.0/liquibase-21.0-ddl.yml::Create Communication Channel::Saleh Allahverdiyev was: 8:d4eec42d210d75af81f58c70a2941765 but is now: 8:813bf300f751034ad95680102dcb5ba0
          liquibase/22.0/liquibase-22.0-ddl.yml::Create Communication Property::Saleh Allahverdiyev was: 8:7e9b48be342df141f923a360da895111 but is now: 8:365d5181a5c480847de0f5ab3cca8283
          liquibase/23.0/liquibase-23.0-ddl.yml::Create Communication Building::Saleh Allahverdiyev was: 8:64cde5027dea0942962d6d8e5a8c7d74 but is now: 8:3a9fb11eb7e37220d315337beecfa85e
          liquibase/24.0/liquibase-24.0-ddl.yml::Create Communication Unit::Saleh Allahverdiyev was: 8:04f0b36ef0ebe24243fd63f0d44517f6 but is now: 8:34b33d3ab0d67db7c273324935f801d9

	at org.springframework.beans.factory.support.AbstractAutowireCapableBeanFactory.initializeBean(AbstractAutowireCapableBeanFactory.java:1770)
	at org.springframework.beans.factory.support.AbstractAutowireCapableBeanFactory.doCreateBean(AbstractAutowireCapableBeanFactory.java:598)
	at org.springframework.beans.factory.support.AbstractAutowireCapableBeanFactory.createBean(AbstractAutowireCapableBeanFactory.java:520)
	at org.springframework.beans.factory.support.AbstractBeanFactory.lambda$doGetBean$0(AbstractBeanFactory.java:326)
	at org.springframework.beans.factory.support.DefaultSingletonBeanRegistry.getSingleton(DefaultSingletonBeanRegistry.java:234)
	at org.springframework.beans.factory.support.AbstractBeanFactory.doGetBean(AbstractBeanFactory.java:324)
	at org.springframework.beans.factory.support.AbstractBeanFactory.getBean(AbstractBeanFactory.java:200)
	at org.springframework.beans.factory.support.AbstractBeanFactory.doGetBean(AbstractBeanFactory.java:313)
	at org.springframework.beans.factory.support.AbstractBeanFactory.getBean(AbstractBeanFactory.java:200)
	at org.springframework.beans.factory.support.BeanDefinitionValueResolver.resolveReference(BeanDefinitionValueResolver.java:365)
	... 106 common frames omitted
Caused by: liquibase.exception.CommandExecutionException: liquibase.exception.ValidationFailedException: Validation Failed:
     5 changesets check sum
          liquibase/20.0/liquibase-20.0-ddl.yml::Create Communication::Saleh Allahverdiyev was: 8:6a024fe9472c575f900f24c34e9b019d but is now: 8:12bc30eb3e3d99eee52a7b4f86017da5
          liquibase/21.0/liquibase-21.0-ddl.yml::Create Communication Channel::Saleh Allahverdiyev was: 8:d4eec42d210d75af81f58c70a2941765 but is now: 8:813bf300f751034ad95680102dcb5ba0
          liquibase/22.0/liquibase-22.0-ddl.yml::Create Communication Property::Saleh Allahverdiyev was: 8:7e9b48be342df141f923a360da895111 but is now: 8:365d5181a5c480847de0f5ab3cca8283
          liquibase/23.0/liquibase-23.0-ddl.yml::Create Communication Building::Saleh Allahverdiyev was: 8:64cde5027dea0942962d6d8e5a8c7d74 but is now: 8:3a9fb11eb7e37220d315337beecfa85e
          liquibase/24.0/liquibase-24.0-ddl.yml::Create Communication Unit::Saleh Allahverdiyev was: 8:04f0b36ef0ebe24243fd63f0d44517f6 but is now: 8:34b33d3ab0d67db7c273324935f801d9

	at liquibase.command.CommandScope.execute(CommandScope.java:235)
	at liquibase.Liquibase.lambda$update$0(Liquibase.java:237)
	at liquibase.Scope.lambda$child$0(Scope.java:194)
	at liquibase.Scope.child(Scope.java:203)
	at liquibase.Scope.child(Scope.java:193)
	at liquibase.Scope.child(Scope.java:172)
	at liquibase.Liquibase.runInScope(Liquibase.java:1618)
	at liquibase.Liquibase.update(Liquibase.java:229)
	at liquibase.Liquibase.update(Liquibase.java:213)
	at liquibase.integration.spring.SpringLiquibase.performUpdate(SpringLiquibase.java:329)
	at liquibase.integration.spring.SpringLiquibase.afterPropertiesSet(SpringLiquibase.java:284)
	at org.springframework.beans.factory.support.AbstractAutowireCapableBeanFactory.invokeInitMethods(AbstractAutowireCapableBeanFactory.java:1816)
	at org.springframework.beans.factory.support.AbstractAutowireCapableBeanFactory.initializeBean(AbstractAutowireCapableBeanFactory.java:1766)
	... 115 common frames omitted
Caused by: liquibase.exception.ValidationFailedException: Validation Failed:
     5 changesets check sum
          liquibase/20.0/liquibase-20.0-ddl.yml::Create Communication::Saleh Allahverdiyev was: 8:6a024fe9472c575f900f24c34e9b019d but is now: 8:12bc30eb3e3d99eee52a7b4f86017da5
          liquibase/21.0/liquibase-21.0-ddl.yml::Create Communication Channel::Saleh Allahverdiyev was: 8:d4eec42d210d75af81f58c70a2941765 but is now: 8:813bf300f751034ad95680102dcb5ba0
          liquibase/22.0/liquibase-22.0-ddl.yml::Create Communication Property::Saleh Allahverdiyev was: 8:7e9b48be342df141f923a360da895111 but is now: 8:365d5181a5c480847de0f5ab3cca8283
          liquibase/23.0/liquibase-23.0-ddl.yml::Create Communication Building::Saleh Allahverdiyev was: 8:64cde5027dea0942962d6d8e5a8c7d74 but is now: 8:3a9fb11eb7e37220d315337beecfa85e
          liquibase/24.0/liquibase-24.0-ddl.yml::Create Communication Unit::Saleh Allahverdiyev was: 8:04f0b36ef0ebe24243fd63f0d44517f6 but is now: 8:34b33d3ab0d67db7c273324935f801d9

	at liquibase.changelog.DatabaseChangeLog.validate(DatabaseChangeLog.java:354)
	at liquibase.command.core.helpers.DatabaseChangelogCommandStep.run(DatabaseChangelogCommandStep.java:80)
	at liquibase.command.CommandScope.execute(CommandScope.java:212)
	... 127 common frames omitted
